  daRender.cpp
D:\Homeworks\NavesitaLol\AYYLaNavesitaLol\AYYLaNavesitaLol\Component.hpp(56,10): warning C4244: 'return': conversion from 'const int' to 'float', possible loss of data
D:\Homeworks\NavesitaLol\AYYLaNavesitaLol\AYYLaNavesitaLol\Component.hpp(61,10): warning C4244: 'return': conversion from 'const int' to 'float', possible loss of data
D:\Homeworks\NavesitaLol\AYYLaNavesitaLol\AYYLaNavesitaLol\Component.hpp(78,12): warning C4244: '=': conversion from 'float' to 'int', possible loss of data
D:\Homeworks\NavesitaLol\AYYLaNavesitaLol\AYYLaNavesitaLol\Component.hpp(83,13): warning C4244: '=': conversion from 'float' to 'int', possible loss of data
D:\Homeworks\NavesitaLol\AYYLaNavesitaLol\AYYLaNavesitaLol\EntityFr.hpp(58,3): error C3861: 'removeComponent': identifier not found
D:\Homeworks\NavesitaLol\AYYLaNavesitaLol\AYYLaNavesitaLol\EntityFr.hpp(58,18): message : 'removeComponent': function declaration must be available as none of the arguments depend on a template parameter
D:\Homeworks\NavesitaLol\AYYLaNavesitaLol\AYYLaNavesitaLol\EntityFr.hpp(54,12): message : This diagnostic occurred in the compiler generated function 'T *EntityFr::addComponent(cmpId_type,Ts &&...)'
D:\Homeworks\NavesitaLol\AYYLaNavesitaLol\AYYLaNavesitaLol\daRender.cpp(94,32): warning C4244: '=': conversion from 'float' to 'int', possible loss of data
D:\Homeworks\NavesitaLol\AYYLaNavesitaLol\AYYLaNavesitaLol\daRender.cpp(95,32): warning C4244: '=': conversion from 'float' to 'int', possible loss of data
  main.cpp
D:\Homeworks\NavesitaLol\AYYLaNavesitaLol\AYYLaNavesitaLol\Component.hpp(56,10): warning C4244: 'return': conversion from 'const int' to 'float', possible loss of data
D:\Homeworks\NavesitaLol\AYYLaNavesitaLol\AYYLaNavesitaLol\Component.hpp(61,10): warning C4244: 'return': conversion from 'const int' to 'float', possible loss of data
D:\Homeworks\NavesitaLol\AYYLaNavesitaLol\AYYLaNavesitaLol\Component.hpp(78,12): warning C4244: '=': conversion from 'float' to 'int', possible loss of data
D:\Homeworks\NavesitaLol\AYYLaNavesitaLol\AYYLaNavesitaLol\Component.hpp(83,13): warning C4244: '=': conversion from 'float' to 'int', possible loss of data
D:\Homeworks\NavesitaLol\AYYLaNavesitaLol\AYYLaNavesitaLol\EntityFr.hpp(58,3): error C3861: 'removeComponent': identifier not found
D:\Homeworks\NavesitaLol\AYYLaNavesitaLol\AYYLaNavesitaLol\EntityFr.hpp(58,18): message : 'removeComponent': function declaration must be available as none of the arguments depend on a template parameter
D:\Homeworks\NavesitaLol\AYYLaNavesitaLol\AYYLaNavesitaLol\EntityFr.hpp(54,12): message : This diagnostic occurred in the compiler generated function 'T *EntityFr::addComponent(cmpId_type,Ts &&...)'
D:\Homeworks\NavesitaLol\AYYLaNavesitaLol\AYYLaNavesitaLol\main.cpp(13,11): warning C4244: 'initializing': conversion from 'Uint32' to 'float', possible loss of data
D:\Homeworks\NavesitaLol\AYYLaNavesitaLol\AYYLaNavesitaLol\main.cpp(64,19): warning C4244: 'argument': conversion from 'int' to 'float', possible loss of data
D:\Homeworks\NavesitaLol\AYYLaNavesitaLol\AYYLaNavesitaLol\main.cpp(64,15): warning C4244: 'argument': conversion from 'int' to 'float', possible loss of data
  Generating Code...
