d:\homeworks\navesitalol\ayylanavesitalol\ayylanavesitalol\x64\debug\vc143.pdb
d:\homeworks\navesitalol\ayylanavesitalol\ayylanavesitalol\x64\debug\vc143.idb
d:\homeworks\navesitalol\ayylanavesitalol\ayylanavesitalol\x64\debug\vector2d.obj
d:\homeworks\navesitalol\ayylanavesitalol\ayylanavesitalol\x64\debug\texture.obj
d:\homeworks\navesitalol\ayylanavesitalol\ayylanavesitalol\x64\debug\math.obj
d:\homeworks\navesitalol\ayylanavesitalol\ayylanavesitalol\x64\debug\main.obj
d:\homeworks\navesitalol\ayylanavesitalol\ayylanavesitalol\x64\debug\entity.obj
d:\homeworks\navesitalol\ayylanavesitalol\ayylanavesitalol\x64\debug\darender.obj
d:\homeworks\navesitalol\ayylanavesitalol\ayylanavesitalol\x64\debug\utils.obj
d:\homeworks\navesitalol\ayylanavesitalol\ayylanavesitalol\x64\debug\manager.obj
d:\homeworks\navesitalol\ayylanavesitalol\x64\debug\ayylanavesitalol.exe
d:\homeworks\navesitalol\ayylanavesitalol\ayylanavesitalol\x64\debug\ayylanavesitalol.ilk
d:\homeworks\navesitalol\ayylanavesitalol\x64\debug\ayylanavesitalol.pdb
d:\homeworks\navesitalol\ayylanavesitalol\ayylanavesitalol\x64\debug\ayylanavesitalol.vcxproj.midlrt.rsp
d:\homeworks\navesitalol\ayylanavesitalol\ayylanavesitalol\x64\debug\ayylanavesitalol.vcxproj.mdmerge.rsp
d:\homeworks\navesitalol\ayylanavesitalol\ayylanavesitalol\x64\debug\ayylanavesitalol.vcxproj.cppwinrt_plat.rsp
d:\homeworks\navesitalol\ayylanavesitalol\ayylanavesitalol\x64\debug\ayylanavesitalol.vcxproj.cppwinrt_comp.rsp
d:\homeworks\navesitalol\ayylanavesitalol\ayylanavesitalol\x64\debug\ayylanavesitalol.tlog\cl.read.1.tlog
d:\homeworks\navesitalol\ayylanavesitalol\ayylanavesitalol\x64\debug\ayylanavesitalol.tlog\cl.write.1.tlog
d:\homeworks\navesitalol\ayylanavesitalol\ayylanavesitalol\x64\debug\ayylanavesitalol.tlog\cl.command.1.tlog
d:\homeworks\navesitalol\ayylanavesitalol\ayylanavesitalol\x64\debug\ayylanavesitalol.tlog\link.read.1.tlog
d:\homeworks\navesitalol\ayylanavesitalol\ayylanavesitalol\x64\debug\ayylanavesitalol.tlog\link.write.1.tlog
d:\homeworks\navesitalol\ayylanavesitalol\ayylanavesitalol\x64\debug\ayylanavesitalol.tlog\link.command.1.tlog
